<html>
<body>
<pre>
<h1>µVision Build Log</h1>
<h2>Tool Versions:</h2>
IDE-Version: ¦ÌVision V5.29.0.0
Copyright (C) 2019 ARM Ltd and ARM Germany GmbH. All rights reserved.
License Information: 1 DELL, 2, LIC=HN0AE-5GHHT-KPIZY-I7IKW-KTD5U-5Z34J
 
Tool Versions:
Toolchain:       MDK-ARM Plus  Version: 5.29.0.0
Toolchain Path:  C:\Keil_v5\ARM\ARMCC\Bin
C Compiler:      Armcc.exe V5.06 update 6 (build 750)
Assembler:       Armasm.exe V5.06 update 6 (build 750)
Linker/Locator:  ArmLink.exe V5.06 update 6 (build 750)
Library Manager: ArmAr.exe V5.06 update 6 (build 750)
Hex Converter:   FromElf.exe V5.06 update 6 (build 750)
CPU DLL:         SARMCM3.DLL V5.29.0.0
Dialog DLL:      DCM.DLL V1.17.3.0
Target DLL:      STLink\ST-LINKIII-KEIL_SWO.dll V3.0.7.0
Dialog DLL:      TCM.DLL V1.36.5.0
 
<h2>Project:</h2>
E:\Project\Robotics\RoboFly\RoboFly_HAL_RTOS\MDK-ARM\RoboFly_HAL_RTOS.uvprojx
Project File Date:  01/13/2026

<h2>Output:</h2>
*** Using Compiler 'V5.06 update 6 (build 750)', folder: 'C:\Keil_v5\ARM\ARMCC\Bin'
Build target 'RoboFly_HAL_RTOS'
assembling startup_stm32f103xb.s...
compiling adc.c...
compiling gpio.c...
compiling spi.c...
compiling freertos.c...
../Core/Src/freertos.c(109): error:  #20: identifier "Task_Control" is undefined
    osThreadDef(controlTask, Task_Control, osPriorityHigh, 0, 512);
../Core/Src/freertos.c(110): error:  #20: identifier "controlTaskHandle" is undefined
    controlTaskHandle = osThreadCreate(osThread(controlTask), NULL);
../Core/Src/freertos.c(112): error:  #20: identifier "Task_Comms" is undefined
    osThreadDef(commsTask, Task_Comms, osPriorityNormal, 0, 256);
../Core/Src/freertos.c(113): error:  #20: identifier "commsTaskHandle" is undefined
    commsTaskHandle = osThreadCreate(osThread(commsTask), NULL);
../Core/Src/freertos.c(115): error:  #20: identifier "Task_Status" is undefined
    osThreadDef(statusTask, Task_Status, osPriorityLow, 0, 128);
../Core/Src/freertos.c(116): error:  #20: identifier "statusTaskHandle" is undefined
    statusTaskHandle = osThreadCreate(osThread(statusTask), NULL);
../Core/Src/freertos.c: 0 warnings, 6 errors
compiling main.c...
compiling usart.c...
compiling tim.c...
compiling stm32f1xx_hal_timebase_tim.c...
compiling stm32f1xx_hal_gpio_ex.c...
compiling stm32f1xx_hal.c...
compiling stm32f1xx_it.c...
compiling stm32f1xx_hal_msp.c...
compiling stm32f1xx_hal_adc.c...
compiling stm32f1xx_hal_adc_ex.c...
compiling stm32f1xx_hal_flash.c...
compiling stm32f1xx_hal_gpio.c...
compiling stm32f1xx_hal_dma.c...
compiling stm32f1xx_hal_rcc_ex.c...
compiling stm32f1xx_hal_pwr.c...
compiling stm32f1xx_hal_cortex.c...
compiling stm32f1xx_hal_rcc.c...
compiling stm32f1xx_hal_exti.c...
compiling system_stm32f1xx.c...
compiling stm32f1xx_hal_flash_ex.c...
compiling stm32f1xx_hal_uart.c...
compiling croutine.c...
compiling stm32f1xx_hal_tim_ex.c...
compiling list.c...
compiling event_groups.c...
compiling stm32f1xx_hal_spi.c...
compiling timers.c...
compiling queue.c...
compiling stream_buffer.c...
compiling heap_4.c...
compiling tasks.c...
compiling stm32f1xx_hal_tim.c...
compiling cmsis_os.c...
compiling port.c...
compiling pid.c...
compiling flash.c...
compiling filter.c...
..\algortithm\filter.c(223): warning:  #550-D: variable "accx_last"  was set but never used
  	int16_t accx_last=0,accy_last=0,accz_last=0;
..\algortithm\filter.c(223): warning:  #550-D: variable "accy_last"  was set but never used
  	int16_t accx_last=0,accy_last=0,accz_last=0;
..\algortithm\filter.c(223): warning:  #550-D: variable "accz_last"  was set but never used
  	int16_t accx_last=0,accy_last=0,accz_last=0;
..\algortithm\filter.c: 3 warnings, 0 errors
compiling iic.c...
compiling led.c...
compiling Kalman.c...
compiling fbm320.c...
compiling motor.c...
compiling remotedata.c...
compiling si24r1.c...
compiling spi_io.c...
compiling paramsave.c...
compiling power.c...
compiling mpu6050.c...
compiling imu.c...
compiling control.c...
"RoboFly_HAL_RTOS\RoboFly_HAL_RTOS.axf" - 6 Error(s), 3 Warning(s).

<h2>Software Packages used:</h2>

Package Vendor: ARM
                http://www.keil.com/pack/ARM.CMSIS.5.6.0.pack
                ARM.CMSIS.5.6.0
                CMSIS (Cortex Microcontroller Software Interface Standard)
   * Component: CORE Version: 5.3.0

Package Vendor: Keil
                http://www.keil.com/pack/Keil.STM32F1xx_DFP.2.3.0.pack
                Keil.STM32F1xx_DFP.2.3.0
                STMicroelectronics STM32F1 Series Device Support, Drivers and Examples

<h2>Collection of Component include folders:</h2>
  .\RTE\_RoboFly_HAL_RTOS
  D:\Keil\ARM\CMSIS\5.6.0\CMSIS\Core\Include
  D:\Keil\Keil\STM32F1xx_DFP\2.3.0\Device\Include

<h2>Collection of Component Files used:</h2>

   * Component: ARM::CMSIS:CORE:5.3.0
Target not created.
Build Time Elapsed:  00:00:23
</pre>
</body>
</html>
